<?xml version="1.0" encoding="UTF-8"?>
<!-- Generated by org.testng.reporters.JUnitReportReporter -->
<testsuite skipped="0" hostname="DESKTOP-L0JSAUT" name="com.automation.web.pages.LoginPage_MMT" tests="1" failures="0" timestamp="29 Nov 2018 11:06:18 GMT" time="5.186" errors="0">
  <testcase name="Verify_LoginPageOptions" time="5.186" classname="com.automation.web.pages.LoginPage_MMT"/>
</testsuite> <!-- com.automation.web.pages.LoginPage_MMT -->
